<?xml version="1.0" encoding="UTF-8"?>
<!-- Generated by org.testng.reporters.JUnitXMLReporter -->
<testsuite hostname="Lenovo-PC" ignored="0" name="Test" tests="4" failures="0" timestamp="25 Aug 2020 09:01:22 GMT" time="9.618" errors="0">
  <testcase name="login" time="0.723" classname="com.Project.Main.LoginPage"/>
  <testcase name="signup" time="0.548" classname="com.Project.Main.LoginPage"/>
  <testcase name="signup" time="0.597" classname="com.Project.Main.LoginPage"/>
  <testcase name="signup" time="0.676" classname="com.Project.Main.LoginPage"/>
</testsuite> <!-- Test -->
