<?xml version="1.0" encoding="UTF-8"?>
<testng-results skipped="0" failed="0" ignored="0" total="4" passed="4">
  <reporter-output>
  </reporter-output>
  <suite name="Suite" duration-ms="9618" started-at="2020-08-25T09:01:13Z" finished-at="2020-08-25T09:01:22Z">
    <groups>
    </groups>
    <test name="Test" duration-ms="9618" started-at="2020-08-25T09:01:13Z" finished-at="2020-08-25T09:01:22Z">
      <class name="com.Project.Main.LoginPage">
        <test-method status="PASS" signature="beforeClass()[pri:0, instance:com.Project.Main.LoginPage@4f933fd1]" name="beforeClass" is-config="true" duration-ms="4420" started-at="2020-08-25T14:31:13Z" finished-at="2020-08-25T14:31:17Z">
          <reporter-output>
          </reporter-output>
        </test-method> <!-- beforeClass -->
        <test-method status="PASS" signature="browser()[pri:0, instance:com.Project.Main.LoginPage@4f933fd1]" name="browser" is-config="true" duration-ms="1267" started-at="2020-08-25T14:31:17Z" finished-at="2020-08-25T14:31:18Z">
          <reporter-output>
          </reporter-output>
        </test-method> <!-- browser -->
        <test-method status="PASS" signature="login()[pri:0, instance:com.Project.Main.LoginPage@4f933fd1]" name="login" duration-ms="723" started-at="2020-08-25T14:31:18Z" finished-at="2020-08-25T14:31:19Z">
          <reporter-output>
          </reporter-output>
        </test-method> <!-- login -->
        <test-method status="PASS" signature="browser()[pri:0, instance:com.Project.Main.LoginPage@4f933fd1]" name="browser" is-config="true" duration-ms="228" started-at="2020-08-25T14:31:19Z" finished-at="2020-08-25T14:31:19Z">
          <reporter-output>
          </reporter-output>
        </test-method> <!-- browser -->
        <test-method status="PASS" signature="signup(java.lang.String, java.lang.String)[pri:0, instance:com.Project.Main.LoginPage@4f933fd1]" name="signup" duration-ms="548" started-at="2020-08-25T14:31:19Z" data-provider="data" finished-at="2020-08-25T14:31:20Z">
          <params>
            <param index="0">
              <value>
                <![CDATA[admin]]>
              </value>
            </param>
            <param index="1">
              <value>
                <![CDATA[admin]]>
              </value>
            </param>
          </params>
          <reporter-output>
          </reporter-output>
        </test-method> <!-- signup -->
        <test-method status="PASS" signature="browser()[pri:0, instance:com.Project.Main.LoginPage@4f933fd1]" name="browser" is-config="true" duration-ms="309" started-at="2020-08-25T14:31:20Z" finished-at="2020-08-25T14:31:20Z">
          <reporter-output>
          </reporter-output>
        </test-method> <!-- browser -->
        <test-method status="PASS" signature="signup(java.lang.String, java.lang.String)[pri:0, instance:com.Project.Main.LoginPage@4f933fd1]" name="signup" duration-ms="597" started-at="2020-08-25T14:31:20Z" data-provider="data" finished-at="2020-08-25T14:31:21Z">
          <params>
            <param index="0">
              <value>
                <![CDATA[demo]]>
              </value>
            </param>
            <param index="1">
              <value>
                <![CDATA[demo]]>
              </value>
            </param>
          </params>
          <reporter-output>
          </reporter-output>
        </test-method> <!-- signup -->
        <test-method status="PASS" signature="browser()[pri:0, instance:com.Project.Main.LoginPage@4f933fd1]" name="browser" is-config="true" duration-ms="167" started-at="2020-08-25T14:31:21Z" finished-at="2020-08-25T14:31:21Z">
          <reporter-output>
          </reporter-output>
        </test-method> <!-- browser -->
        <test-method status="PASS" signature="signup(java.lang.String, java.lang.String)[pri:0, instance:com.Project.Main.LoginPage@4f933fd1]" name="signup" duration-ms="676" started-at="2020-08-25T14:31:21Z" data-provider="data" finished-at="2020-08-25T14:31:22Z">
          <params>
            <param index="0">
              <value>
                <![CDATA[devqa]]>
              </value>
            </param>
            <param index="1">
              <value>
                <![CDATA[devqa]]>
              </value>
            </param>
          </params>
          <reporter-output>
          </reporter-output>
        </test-method> <!-- signup -->
        <test-method status="PASS" signature="afterClass()[pri:0, instance:com.Project.Main.LoginPage@4f933fd1]" name="afterClass" is-config="true" duration-ms="648" started-at="2020-08-25T14:31:22Z" finished-at="2020-08-25T14:31:22Z">
          <reporter-output>
          </reporter-output>
        </test-method> <!-- afterClass -->
      </class> <!-- com.Project.Main.LoginPage -->
    </test> <!-- Test -->
  </suite> <!-- Suite -->
</testng-results>
